<?xml version="1.0" encoding="UTF-8"?>
<testng-results ignored="0" total="1" passed="1" failed="0" skipped="0">
  <reporter-output>
  </reporter-output>
  <suite started-at="2023-06-03T09:25:15 IST" name="Suite" finished-at="2023-06-03T09:25:15 IST" duration-ms="69">
    <groups>
    </groups>
    <test started-at="2023-06-03T09:25:15 IST" name="Test" finished-at="2023-06-03T09:25:15 IST" duration-ms="69">
      <class name="songplayedstoretest.PlayedStoreTest">
        <test-method signature="testAddSongWithCapacityExceeded()[pri:0, instance:songplayedstoretest.PlayedStoreTest@74e52303]" started-at="2023-06-03T09:25:15 IST" name="testAddSongWithCapacityExceeded" finished-at="2023-06-03T09:25:15 IST" duration-ms="17" status="PASS">
          <reporter-output>
          </reporter-output>
        </test-method> <!-- testAddSongWithCapacityExceeded -->
      </class> <!-- songplayedstoretest.PlayedStoreTest -->
    </test> <!-- Test -->
  </suite> <!-- Suite -->
</testng-results>
